g2mgstore0


seconds		requests
========================
0 s	=>	35
1 s	=>	59
g2mgstore1


seconds		requests
========================
0 s	=>	561399
1 s	=>	529712
2 s	=>	354661
3 s	=>	243623
4 s	=>	151259
5 s	=>	102516
6 s	=>	73800
7 s	=>	56438
8 s	=>	45572
9 s	=>	38781
10 s	=>	34217
11 s	=>	30650
12 s	=>	27890
13 s	=>	25846
14 s	=>	24816
15 s	=>	23392
16 s	=>	22309
17 s	=>	21297
18 s	=>	19948
19 s	=>	18489
20 s	=>	16622
21 s	=>	14710
22 s	=>	13074
23 s	=>	11450
24 s	=>	9922
25 s	=>	8520
26 s	=>	7176
27 s	=>	6122
28 s	=>	4974
29 s	=>	4252
30 s	=>	3541
31 s	=>	2906
32 s	=>	2497
33 s	=>	1932
34 s	=>	1629
35 s	=>	1335
36 s	=>	1086
37 s	=>	914
38 s	=>	714
39 s	=>	585
40 s	=>	474
41 s	=>	470
42 s	=>	382
43 s	=>	400
44 s	=>	337
45 s	=>	374
46 s	=>	357
47 s	=>	317
48 s	=>	359
49 s	=>	322
50 s	=>	345
51 s	=>	332
52 s	=>	355
53 s	=>	324
54 s	=>	286
55 s	=>	287
56 s	=>	263
57 s	=>	254
58 s	=>	240
59 s	=>	256
60 s	=>	209
61 s	=>	199
62 s	=>	183
63 s	=>	151
64 s	=>	136
65 s	=>	118
66 s	=>	100
67 s	=>	98
68 s	=>	92
69 s	=>	56
70 s	=>	66
71 s	=>	68
72 s	=>	56
73 s	=>	37
74 s	=>	36
75 s	=>	48
76 s	=>	42
77 s	=>	37
78 s	=>	30
79 s	=>	33
80 s	=>	18
81 s	=>	29
82 s	=>	27
83 s	=>	26
84 s	=>	24
85 s	=>	22
86 s	=>	26
87 s	=>	28
88 s	=>	28
89 s	=>	25
90 s	=>	21
91 s	=>	22
92 s	=>	22
93 s	=>	18
94 s	=>	13
95 s	=>	20
96 s	=>	18
97 s	=>	17
98 s	=>	18
99 s	=>	13
100 s	=>	14
101 s	=>	10
102 s	=>	9
103 s	=>	9
104 s	=>	11
105 s	=>	13
106 s	=>	13
107 s	=>	8
108 s	=>	2
109 s	=>	6
110 s	=>	7
111 s	=>	6
112 s	=>	3
113 s	=>	9
114 s	=>	6
115 s	=>	3
116 s	=>	5
117 s	=>	6
118 s	=>	3
119 s	=>	7
120 s	=>	5
121 s	=>	6
122 s	=>	2
123 s	=>	1
124 s	=>	3
125 s	=>	3
126 s	=>	2
127 s	=>	1
128 s	=>	3
129 s	=>	2
130 s	=>	3
132 s	=>	3
133 s	=>	2
134 s	=>	3
135 s	=>	3
138 s	=>	2
139 s	=>	2
140 s	=>	4
141 s	=>	3
142 s	=>	1
143 s	=>	1
144 s	=>	1
145 s	=>	1
146 s	=>	4
147 s	=>	1
148 s	=>	1
150 s	=>	2
152 s	=>	1
153 s	=>	1
154 s	=>	4
156 s	=>	1
157 s	=>	1
158 s	=>	1
160 s	=>	2
161 s	=>	1
163 s	=>	2
164 s	=>	2
165 s	=>	1
168 s	=>	2
169 s	=>	1
172 s	=>	1
174 s	=>	1
180 s	=>	1
183 s	=>	1
189 s	=>	1
190 s	=>	1
193 s	=>	1
194 s	=>	1
195 s	=>	1
196 s	=>	2
198 s	=>	1
200 s	=>	1
202 s	=>	4
203 s	=>	2
204 s	=>	2
206 s	=>	1
207 s	=>	1
208 s	=>	2
210 s	=>	1
211 s	=>	1
216 s	=>	1
219 s	=>	1
220 s	=>	1
223 s	=>	2
225 s	=>	1
228 s	=>	1
230 s	=>	1
231 s	=>	1
232 s	=>	1
235 s	=>	2
240 s	=>	1
243 s	=>	1
244 s	=>	1
247 s	=>	2
249 s	=>	1
252 s	=>	1
254 s	=>	1
257 s	=>	2
258 s	=>	1
261 s	=>	1
264 s	=>	1
265 s	=>	1
269 s	=>	1
270 s	=>	1
273 s	=>	1
277 s	=>	1
278 s	=>	1
283 s	=>	1
284 s	=>	1
286 s	=>	1
287 s	=>	1
292 s	=>	1
293 s	=>	1
297 s	=>	2
298 s	=>	1
303 s	=>	1
310 s	=>	1
312 s	=>	1
313 s	=>	1
330 s	=>	1
348 s	=>	1
356 s	=>	1
372 s	=>	1
381 s	=>	1
389 s	=>	1
396 s	=>	1
398 s	=>	1
407 s	=>	1
408 s	=>	1
416 s	=>	1
429 s	=>	1
430 s	=>	1
433 s	=>	1
435 s	=>	1
436 s	=>	2
445 s	=>	1
446 s	=>	1
448 s	=>	1
451 s	=>	1
472 s	=>	1
483 s	=>	1
488 s	=>	1
493 s	=>	1
498 s	=>	1
499 s	=>	1
516 s	=>	1
520 s	=>	1
527 s	=>	1
530 s	=>	1
538 s	=>	1
545 s	=>	1
549 s	=>	1
585 s	=>	2
640 s	=>	1
698 s	=>	1
707 s	=>	1
746 s	=>	1
762 s	=>	1
782 s	=>	1
820 s	=>	1
829 s	=>	1
861 s	=>	1
876 s	=>	1
886 s	=>	1
889 s	=>	1
944 s	=>	1
962 s	=>	1
975 s	=>	1
976 s	=>	1
979 s	=>	1
994 s	=>	1
995 s	=>	1
1029 s	=>	1
1144 s	=>	1
1186 s	=>	1
1302 s	=>	1
1892 s	=>	1
2095 s	=>	1
2718 s	=>	1
2762 s	=>	1
3178 s	=>	1
3280 s	=>	1
3327 s	=>	1
3352 s	=>	1
4215 s	=>	1
g2mgstore2


seconds		requests
========================
-1 s	=>	1
0 s	=>	525742
1 s	=>	414029
2 s	=>	264841
3 s	=>	179977
4 s	=>	111799
5 s	=>	74104
6 s	=>	52202
7 s	=>	39627
8 s	=>	31393
9 s	=>	25361
10 s	=>	21366
11 s	=>	18557
12 s	=>	16837
13 s	=>	15615
14 s	=>	14619
15 s	=>	14040
16 s	=>	13242
17 s	=>	12686
18 s	=>	11938
19 s	=>	10984
20 s	=>	10206
21 s	=>	9093
22 s	=>	8186
23 s	=>	7001
24 s	=>	6171
25 s	=>	5282
26 s	=>	4478
27 s	=>	3793
28 s	=>	3221
29 s	=>	2757
30 s	=>	2378
31 s	=>	1878
32 s	=>	1704
33 s	=>	1363
34 s	=>	1106
35 s	=>	1009
36 s	=>	893
37 s	=>	682
38 s	=>	630
39 s	=>	519
40 s	=>	497
41 s	=>	392
42 s	=>	383
43 s	=>	334
44 s	=>	333
45 s	=>	359
46 s	=>	350
47 s	=>	336
48 s	=>	331
49 s	=>	350
50 s	=>	352
51 s	=>	284
52 s	=>	301
53 s	=>	318
54 s	=>	282
55 s	=>	265
56 s	=>	270
57 s	=>	245
58 s	=>	210
59 s	=>	211
60 s	=>	190
61 s	=>	181
62 s	=>	179
63 s	=>	161
64 s	=>	140
65 s	=>	135
66 s	=>	111
67 s	=>	98
68 s	=>	84
69 s	=>	86
70 s	=>	76
71 s	=>	78
72 s	=>	52
73 s	=>	49
74 s	=>	52
75 s	=>	45
76 s	=>	39
77 s	=>	43
78 s	=>	31
79 s	=>	52
80 s	=>	41
81 s	=>	49
82 s	=>	45
83 s	=>	40
84 s	=>	45
85 s	=>	29
86 s	=>	21
87 s	=>	46
88 s	=>	31
89 s	=>	41
90 s	=>	29
91 s	=>	39
92 s	=>	38
93 s	=>	34
94 s	=>	31
95 s	=>	28
96 s	=>	22
97 s	=>	28
98 s	=>	22
99 s	=>	21
100 s	=>	18
101 s	=>	22
102 s	=>	19
103 s	=>	15
104 s	=>	14
105 s	=>	17
106 s	=>	13
107 s	=>	17
108 s	=>	15
109 s	=>	12
110 s	=>	12
111 s	=>	15
112 s	=>	11
113 s	=>	15
114 s	=>	14
115 s	=>	10
116 s	=>	11
117 s	=>	15
118 s	=>	12
119 s	=>	11
120 s	=>	10
121 s	=>	8
122 s	=>	9
123 s	=>	6
124 s	=>	4
125 s	=>	8
126 s	=>	9
127 s	=>	10
128 s	=>	7
129 s	=>	12
130 s	=>	9
131 s	=>	3
132 s	=>	7
133 s	=>	3
134 s	=>	5
135 s	=>	9
136 s	=>	4
137 s	=>	6
138 s	=>	4
139 s	=>	7
140 s	=>	9
141 s	=>	4
142 s	=>	6
143 s	=>	5
144 s	=>	4
145 s	=>	9
146 s	=>	3
147 s	=>	7
148 s	=>	3
149 s	=>	6
150 s	=>	3
151 s	=>	1
152 s	=>	2
153 s	=>	4
154 s	=>	4
155 s	=>	3
156 s	=>	3
157 s	=>	1
158 s	=>	8
159 s	=>	4
160 s	=>	8
161 s	=>	8
162 s	=>	7
163 s	=>	6
164 s	=>	3
165 s	=>	4
166 s	=>	3
167 s	=>	3
168 s	=>	3
171 s	=>	3
172 s	=>	2
173 s	=>	5
174 s	=>	1
175 s	=>	5
176 s	=>	5
177 s	=>	4
178 s	=>	1
179 s	=>	2
180 s	=>	7
181 s	=>	3
182 s	=>	8
183 s	=>	6
184 s	=>	2
185 s	=>	4
186 s	=>	5
187 s	=>	1
188 s	=>	3
189 s	=>	2
190 s	=>	4
191 s	=>	2
192 s	=>	5
193 s	=>	4
194 s	=>	1
195 s	=>	2
196 s	=>	4
197 s	=>	1
198 s	=>	3
199 s	=>	2
200 s	=>	3
201 s	=>	5
202 s	=>	6
203 s	=>	3
204 s	=>	2
205 s	=>	2
206 s	=>	4
207 s	=>	4
208 s	=>	5
209 s	=>	3
210 s	=>	3
211 s	=>	4
212 s	=>	4
213 s	=>	3
214 s	=>	2
215 s	=>	2
216 s	=>	2
217 s	=>	2
218 s	=>	3
219 s	=>	1
220 s	=>	1
221 s	=>	2
222 s	=>	5
223 s	=>	2
224 s	=>	3
225 s	=>	1
226 s	=>	3
228 s	=>	2
229 s	=>	4
230 s	=>	3
231 s	=>	2
232 s	=>	3
233 s	=>	4
234 s	=>	4
235 s	=>	2
237 s	=>	2
238 s	=>	2
239 s	=>	1
241 s	=>	1
242 s	=>	3
243 s	=>	2
244 s	=>	2
245 s	=>	2
246 s	=>	1
247 s	=>	2
248 s	=>	2
249 s	=>	2
250 s	=>	2
251 s	=>	1
252 s	=>	1
253 s	=>	1
254 s	=>	4
255 s	=>	1
256 s	=>	1
257 s	=>	1
258 s	=>	2
259 s	=>	2
260 s	=>	1
261 s	=>	2
262 s	=>	1
263 s	=>	2
264 s	=>	1
266 s	=>	2
267 s	=>	1
268 s	=>	2
270 s	=>	1
271 s	=>	1
272 s	=>	2
273 s	=>	3
274 s	=>	1
276 s	=>	2
277 s	=>	1
278 s	=>	1
279 s	=>	1
280 s	=>	2
281 s	=>	2
282 s	=>	2
283 s	=>	1
285 s	=>	1
286 s	=>	1
287 s	=>	1
289 s	=>	2
291 s	=>	1
292 s	=>	1
293 s	=>	1
295 s	=>	2
296 s	=>	1
298 s	=>	1
300 s	=>	1
302 s	=>	1
303 s	=>	1
304 s	=>	3
307 s	=>	1
308 s	=>	2
311 s	=>	1
313 s	=>	2
314 s	=>	1
315 s	=>	1
317 s	=>	1
318 s	=>	1
320 s	=>	2
322 s	=>	1
324 s	=>	2
325 s	=>	1
326 s	=>	4
327 s	=>	1
328 s	=>	1
331 s	=>	4
334 s	=>	1
335 s	=>	2
336 s	=>	2
338 s	=>	3
339 s	=>	4
340 s	=>	1
341 s	=>	1
342 s	=>	1
344 s	=>	3
345 s	=>	2
347 s	=>	2
348 s	=>	1
350 s	=>	1
352 s	=>	3
354 s	=>	2
356 s	=>	1
358 s	=>	1
359 s	=>	3
360 s	=>	1
361 s	=>	2
362 s	=>	1
363 s	=>	2
365 s	=>	1
366 s	=>	1
369 s	=>	3
372 s	=>	1
374 s	=>	2
375 s	=>	1
376 s	=>	1
377 s	=>	1
379 s	=>	1
382 s	=>	1
383 s	=>	1
384 s	=>	1
386 s	=>	1
389 s	=>	2
392 s	=>	2
393 s	=>	2
394 s	=>	2
395 s	=>	2
400 s	=>	2
402 s	=>	1
404 s	=>	1
405 s	=>	2
406 s	=>	1
411 s	=>	2
412 s	=>	1
413 s	=>	1
415 s	=>	1
416 s	=>	1
419 s	=>	2
422 s	=>	2
424 s	=>	1
425 s	=>	1
426 s	=>	2
428 s	=>	1
435 s	=>	2
438 s	=>	1
439 s	=>	1
441 s	=>	2
444 s	=>	1
446 s	=>	1
448 s	=>	3
449 s	=>	2
450 s	=>	1
452 s	=>	1
457 s	=>	3
458 s	=>	1
459 s	=>	1
460 s	=>	2
464 s	=>	1
465 s	=>	3
468 s	=>	2
470 s	=>	1
472 s	=>	2
473 s	=>	1
475 s	=>	1
477 s	=>	1
479 s	=>	1
480 s	=>	1
481 s	=>	1
490 s	=>	2
493 s	=>	1
504 s	=>	1
507 s	=>	1
513 s	=>	1
514 s	=>	1
515 s	=>	1
516 s	=>	1
517 s	=>	1
518 s	=>	1
522 s	=>	1
526 s	=>	2
533 s	=>	1
534 s	=>	2
536 s	=>	1
540 s	=>	1
541 s	=>	2
544 s	=>	1
545 s	=>	2
546 s	=>	1
548 s	=>	1
552 s	=>	1
556 s	=>	2
558 s	=>	1
560 s	=>	1
561 s	=>	1
562 s	=>	1
564 s	=>	1
565 s	=>	1
568 s	=>	1
569 s	=>	1
571 s	=>	1
573 s	=>	1
574 s	=>	2
575 s	=>	1
578 s	=>	1
589 s	=>	2
594 s	=>	1
595 s	=>	1
598 s	=>	2
600 s	=>	2
603 s	=>	2
605 s	=>	2
606 s	=>	1
612 s	=>	1
617 s	=>	1
625 s	=>	1
627 s	=>	1
629 s	=>	1
631 s	=>	1
635 s	=>	1
642 s	=>	1
647 s	=>	1
653 s	=>	1
654 s	=>	1
655 s	=>	1
656 s	=>	1
659 s	=>	1
663 s	=>	1
680 s	=>	1
683 s	=>	1
691 s	=>	1
694 s	=>	1
696 s	=>	1
699 s	=>	1
702 s	=>	1
721 s	=>	1
723 s	=>	1
726 s	=>	1
727 s	=>	1
729 s	=>	1
731 s	=>	2
732 s	=>	2
740 s	=>	1
741 s	=>	1
748 s	=>	1
757 s	=>	1
760 s	=>	2
762 s	=>	1
773 s	=>	1
774 s	=>	1
775 s	=>	1
781 s	=>	1
782 s	=>	1
790 s	=>	1
792 s	=>	1
795 s	=>	1
804 s	=>	1
812 s	=>	2
816 s	=>	1
817 s	=>	1
827 s	=>	1
832 s	=>	2
840 s	=>	1
843 s	=>	1
853 s	=>	1
856 s	=>	1
857 s	=>	1
858 s	=>	1
859 s	=>	1
861 s	=>	1
864 s	=>	1
871 s	=>	1
878 s	=>	1
891 s	=>	1
893 s	=>	1
894 s	=>	2
900 s	=>	2
901 s	=>	4
907 s	=>	1
924 s	=>	1
945 s	=>	1
960 s	=>	1
963 s	=>	1
964 s	=>	1
966 s	=>	1
977 s	=>	1
979 s	=>	1
990 s	=>	1
992 s	=>	1
1009 s	=>	1
1022 s	=>	1
1025 s	=>	1
1032 s	=>	1
1040 s	=>	1
1044 s	=>	1
1049 s	=>	1
1050 s	=>	2
1053 s	=>	1
1058 s	=>	1
1067 s	=>	1
1070 s	=>	1
1073 s	=>	1
1076 s	=>	1
1078 s	=>	1
1079 s	=>	1
1080 s	=>	1
1083 s	=>	1
1087 s	=>	1
1132 s	=>	1
1145 s	=>	1
1161 s	=>	1
1169 s	=>	1
1203 s	=>	3
1205 s	=>	1
1210 s	=>	1
1223 s	=>	1
1248 s	=>	1
1251 s	=>	1
1271 s	=>	1
1273 s	=>	1
1274 s	=>	1
1292 s	=>	1
1312 s	=>	1
1325 s	=>	1
1332 s	=>	1
1334 s	=>	1
1341 s	=>	1
1348 s	=>	1
1357 s	=>	1
1394 s	=>	1
1396 s	=>	1
1409 s	=>	1
1428 s	=>	1
1433 s	=>	1
1458 s	=>	1
1475 s	=>	1
1488 s	=>	1
1502 s	=>	1
1558 s	=>	1
1567 s	=>	1
1570 s	=>	1
1615 s	=>	1
1628 s	=>	2
1638 s	=>	1
1639 s	=>	1
1658 s	=>	1
1662 s	=>	1
1668 s	=>	1
1698 s	=>	1
1709 s	=>	1
1766 s	=>	1
1768 s	=>	1
1772 s	=>	1
1774 s	=>	1
1779 s	=>	1
1792 s	=>	1
1796 s	=>	1
1821 s	=>	1
1932 s	=>	1
1941 s	=>	1
1962 s	=>	1
1967 s	=>	1
1973 s	=>	1
1994 s	=>	1
2003 s	=>	1
2101 s	=>	1
2122 s	=>	1
2134 s	=>	1
2206 s	=>	1
2227 s	=>	1
2234 s	=>	1
2302 s	=>	1
2314 s	=>	2
2348 s	=>	1
2397 s	=>	1
2472 s	=>	1
2473 s	=>	1
2489 s	=>	1
2516 s	=>	1
2626 s	=>	1
2657 s	=>	1
2719 s	=>	1
2767 s	=>	1
2781 s	=>	1
2854 s	=>	1
2910 s	=>	1
2953 s	=>	1
3143 s	=>	1
3227 s	=>	1
3397 s	=>	1
3807 s	=>	1
3852 s	=>	1
4111 s	=>	1
4184 s	=>	1
g2mgstore3


seconds		requests
========================
0 s	=>	449509
1 s	=>	592307
2 s	=>	361905
3 s	=>	221545
4 s	=>	118154
5 s	=>	72471
6 s	=>	48813
7 s	=>	33782
8 s	=>	24238
9 s	=>	17687
10 s	=>	13113
11 s	=>	10447
12 s	=>	8496
13 s	=>	7238
14 s	=>	6087
15 s	=>	5307
16 s	=>	4650
17 s	=>	4333
18 s	=>	4014
19 s	=>	3644
20 s	=>	3332
21 s	=>	2997
22 s	=>	2603
23 s	=>	2451
24 s	=>	2020
25 s	=>	1883
26 s	=>	1592
27 s	=>	1315
28 s	=>	1164
29 s	=>	992
30 s	=>	798
31 s	=>	660
32 s	=>	567
33 s	=>	436
34 s	=>	386
35 s	=>	324
36 s	=>	269
37 s	=>	220
38 s	=>	189
39 s	=>	157
40 s	=>	125
41 s	=>	116
42 s	=>	144
43 s	=>	97
44 s	=>	99
45 s	=>	76
46 s	=>	66
47 s	=>	70
48 s	=>	73
49 s	=>	69
50 s	=>	68
51 s	=>	74
52 s	=>	67
53 s	=>	77
54 s	=>	77
55 s	=>	61
56 s	=>	50
57 s	=>	65
58 s	=>	53
59 s	=>	69
60 s	=>	66
61 s	=>	75
62 s	=>	48
63 s	=>	51
64 s	=>	42
65 s	=>	47
66 s	=>	42
67 s	=>	36
68 s	=>	28
69 s	=>	36
70 s	=>	27
71 s	=>	25
72 s	=>	17
73 s	=>	16
74 s	=>	17
75 s	=>	21
76 s	=>	14
77 s	=>	14
78 s	=>	10
79 s	=>	9
80 s	=>	19
81 s	=>	12
82 s	=>	12
83 s	=>	9
84 s	=>	9
85 s	=>	8
86 s	=>	9
87 s	=>	8
88 s	=>	8
89 s	=>	8
90 s	=>	8
91 s	=>	7
92 s	=>	6
93 s	=>	8
94 s	=>	7
95 s	=>	3
96 s	=>	5
97 s	=>	8
98 s	=>	12
99 s	=>	12
100 s	=>	15
101 s	=>	5
102 s	=>	7
103 s	=>	7
104 s	=>	8
105 s	=>	4
106 s	=>	4
107 s	=>	1
108 s	=>	3
109 s	=>	4
110 s	=>	5
111 s	=>	2
112 s	=>	3
113 s	=>	1
114 s	=>	3
115 s	=>	3
117 s	=>	3
118 s	=>	1
119 s	=>	1
120 s	=>	5
121 s	=>	3
122 s	=>	2
123 s	=>	4
124 s	=>	1
125 s	=>	1
126 s	=>	3
127 s	=>	4
129 s	=>	1
130 s	=>	1
131 s	=>	2
133 s	=>	1
134 s	=>	1
135 s	=>	1
139 s	=>	1
142 s	=>	1
143 s	=>	2
145 s	=>	1
147 s	=>	2
150 s	=>	1
152 s	=>	2
153 s	=>	1
155 s	=>	1
156 s	=>	2
160 s	=>	1
162 s	=>	2
164 s	=>	1
166 s	=>	2
167 s	=>	1
174 s	=>	1
183 s	=>	2
187 s	=>	1
189 s	=>	1
190 s	=>	1
191 s	=>	2
192 s	=>	1
193 s	=>	5
194 s	=>	1
195 s	=>	1
196 s	=>	2
197 s	=>	3
198 s	=>	2
199 s	=>	2
200 s	=>	2
201 s	=>	1
202 s	=>	1
203 s	=>	2
205 s	=>	2
206 s	=>	2
207 s	=>	2
208 s	=>	2
209 s	=>	1
210 s	=>	1
213 s	=>	1
215 s	=>	2
218 s	=>	1
219 s	=>	1
220 s	=>	1
222 s	=>	2
225 s	=>	1
231 s	=>	2
232 s	=>	1
233 s	=>	1
234 s	=>	1
236 s	=>	1
239 s	=>	2
240 s	=>	1
241 s	=>	2
244 s	=>	2
245 s	=>	1
247 s	=>	2
249 s	=>	2
251 s	=>	1
252 s	=>	1
261 s	=>	1
264 s	=>	1
265 s	=>	2
266 s	=>	1
269 s	=>	2
273 s	=>	1
274 s	=>	1
277 s	=>	1
282 s	=>	1
285 s	=>	1
287 s	=>	1
289 s	=>	1
291 s	=>	1
296 s	=>	1
299 s	=>	1
300 s	=>	1
306 s	=>	1
307 s	=>	1
309 s	=>	1
312 s	=>	1
324 s	=>	1
348 s	=>	1
373 s	=>	1
375 s	=>	1
380 s	=>	1
385 s	=>	1
387 s	=>	1
389 s	=>	1
392 s	=>	1
414 s	=>	1
418 s	=>	1
422 s	=>	1
425 s	=>	1
429 s	=>	1
438 s	=>	2
443 s	=>	1
446 s	=>	1
450 s	=>	1
452 s	=>	1
459 s	=>	1
471 s	=>	1
475 s	=>	1
477 s	=>	1
494 s	=>	1
511 s	=>	1
517 s	=>	1
519 s	=>	1
530 s	=>	1
534 s	=>	1
556 s	=>	1
560 s	=>	2
570 s	=>	1
572 s	=>	1
577 s	=>	1
587 s	=>	1
590 s	=>	1
624 s	=>	1
644 s	=>	1
648 s	=>	1
673 s	=>	1
696 s	=>	1
707 s	=>	1
770 s	=>	1
860 s	=>	1
897 s	=>	1
933 s	=>	1
934 s	=>	1
938 s	=>	1
1005 s	=>	1
1013 s	=>	1
1024 s	=>	1
1315 s	=>	1
1961 s	=>	1
2052 s	=>	1
2191 s	=>	1
2293 s	=>	1
g2mgstore4


seconds		requests
========================
0 s	=>	638802
1 s	=>	370725
2 s	=>	220729
3 s	=>	147097
4 s	=>	90032
5 s	=>	57453
6 s	=>	40356
7 s	=>	29951
8 s	=>	23058
9 s	=>	18800
10 s	=>	16178
11 s	=>	14192
12 s	=>	13001
13 s	=>	12573
14 s	=>	11998
15 s	=>	12136
16 s	=>	11725
17 s	=>	11538
18 s	=>	11234
19 s	=>	10517
20 s	=>	9853
21 s	=>	8853
22 s	=>	8137
23 s	=>	7148
24 s	=>	6310
25 s	=>	5433
26 s	=>	4649
27 s	=>	3969
28 s	=>	3318
29 s	=>	2861
30 s	=>	2288
31 s	=>	1960
32 s	=>	1568
33 s	=>	1344
34 s	=>	1183
35 s	=>	953
36 s	=>	810
37 s	=>	683
38 s	=>	616
39 s	=>	467
40 s	=>	448
41 s	=>	436
42 s	=>	375
43 s	=>	364
44 s	=>	367
45 s	=>	392
46 s	=>	382
47 s	=>	375
48 s	=>	367
49 s	=>	355
50 s	=>	354
51 s	=>	310
52 s	=>	345
53 s	=>	321
54 s	=>	337
55 s	=>	273
56 s	=>	270
57 s	=>	280
58 s	=>	241
59 s	=>	215
60 s	=>	238
61 s	=>	210
62 s	=>	171
63 s	=>	150
64 s	=>	150
65 s	=>	153
66 s	=>	139
67 s	=>	114
68 s	=>	103
69 s	=>	102
70 s	=>	91
71 s	=>	81
72 s	=>	86
73 s	=>	82
74 s	=>	73
75 s	=>	64
76 s	=>	75
77 s	=>	75
78 s	=>	65
79 s	=>	48
80 s	=>	61
81 s	=>	64
82 s	=>	61
83 s	=>	76
84 s	=>	51
85 s	=>	60
86 s	=>	45
87 s	=>	52
88 s	=>	45
89 s	=>	31
90 s	=>	38
91 s	=>	38
92 s	=>	46
93 s	=>	34
94 s	=>	46
95 s	=>	32
96 s	=>	31
97 s	=>	38
98 s	=>	27
99 s	=>	30
100 s	=>	29
101 s	=>	30
102 s	=>	27
103 s	=>	29
104 s	=>	30
105 s	=>	22
106 s	=>	23
107 s	=>	26
108 s	=>	22
109 s	=>	25
110 s	=>	20
111 s	=>	18
112 s	=>	21
113 s	=>	14
114 s	=>	17
115 s	=>	17
116 s	=>	21
117 s	=>	17
118 s	=>	19
119 s	=>	17
120 s	=>	17
121 s	=>	12
122 s	=>	19
123 s	=>	14
124 s	=>	13
125 s	=>	4
126 s	=>	1
127 s	=>	8
128 s	=>	13
129 s	=>	11
130 s	=>	10
131 s	=>	13
132 s	=>	10
133 s	=>	9
134 s	=>	8
135 s	=>	9
136 s	=>	4
137 s	=>	7
138 s	=>	7
139 s	=>	12
140 s	=>	5
141 s	=>	3
142 s	=>	12
143 s	=>	8
144 s	=>	7
145 s	=>	7
146 s	=>	5
147 s	=>	5
148 s	=>	6
149 s	=>	11
150 s	=>	9
151 s	=>	7
152 s	=>	4
153 s	=>	9
154 s	=>	6
155 s	=>	5
156 s	=>	7
157 s	=>	6
158 s	=>	5
159 s	=>	1
160 s	=>	5
161 s	=>	6
162 s	=>	5
163 s	=>	6
164 s	=>	5
165 s	=>	5
166 s	=>	2
167 s	=>	6
168 s	=>	3
169 s	=>	4
170 s	=>	2
171 s	=>	3
172 s	=>	6
173 s	=>	3
174 s	=>	5
175 s	=>	5
176 s	=>	2
177 s	=>	4
178 s	=>	4
179 s	=>	3
180 s	=>	7
181 s	=>	6
182 s	=>	2
183 s	=>	1
184 s	=>	3
185 s	=>	5
186 s	=>	7
187 s	=>	2
188 s	=>	1
189 s	=>	4
190 s	=>	4
191 s	=>	3
192 s	=>	4
193 s	=>	6
194 s	=>	2
195 s	=>	7
196 s	=>	4
197 s	=>	4
198 s	=>	5
199 s	=>	8
200 s	=>	6
201 s	=>	4
202 s	=>	1
203 s	=>	6
204 s	=>	3
205 s	=>	5
206 s	=>	8
207 s	=>	2
208 s	=>	3
209 s	=>	4
210 s	=>	2
211 s	=>	3
212 s	=>	1
213 s	=>	2
214 s	=>	1
215 s	=>	4
216 s	=>	8
217 s	=>	3
218 s	=>	4
219 s	=>	1
220 s	=>	1
221 s	=>	1
222 s	=>	2
223 s	=>	1
224 s	=>	7
226 s	=>	5
227 s	=>	1
229 s	=>	1
230 s	=>	1
231 s	=>	8
232 s	=>	1
233 s	=>	1
234 s	=>	2
235 s	=>	1
236 s	=>	2
237 s	=>	1
238 s	=>	3
239 s	=>	2
240 s	=>	3
241 s	=>	2
242 s	=>	3
244 s	=>	1
245 s	=>	3
246 s	=>	5
248 s	=>	3
249 s	=>	1
250 s	=>	1
251 s	=>	1
252 s	=>	1
253 s	=>	1
254 s	=>	3
255 s	=>	3
256 s	=>	1
257 s	=>	1
259 s	=>	2
260 s	=>	2
261 s	=>	1
262 s	=>	1
263 s	=>	1
264 s	=>	2
265 s	=>	1
266 s	=>	2
268 s	=>	2
270 s	=>	1
273 s	=>	1
274 s	=>	1
275 s	=>	1
276 s	=>	1
278 s	=>	1
281 s	=>	1
282 s	=>	1
285 s	=>	2
286 s	=>	2
287 s	=>	1
290 s	=>	1
292 s	=>	2
295 s	=>	1
296 s	=>	1
297 s	=>	2
304 s	=>	1
305 s	=>	1
307 s	=>	1
308 s	=>	1
309 s	=>	1
312 s	=>	1
313 s	=>	2
314 s	=>	2
315 s	=>	3
316 s	=>	1
318 s	=>	1
320 s	=>	1
322 s	=>	2
325 s	=>	1
329 s	=>	1
331 s	=>	1
333 s	=>	1
340 s	=>	2
341 s	=>	1
344 s	=>	2
348 s	=>	1
349 s	=>	1
350 s	=>	2
356 s	=>	1
357 s	=>	2
359 s	=>	1
361 s	=>	2
362 s	=>	2
366 s	=>	2
367 s	=>	1
369 s	=>	1
372 s	=>	1
378 s	=>	2
380 s	=>	1
381 s	=>	1
385 s	=>	1
387 s	=>	1
389 s	=>	1
394 s	=>	2
395 s	=>	1
396 s	=>	1
402 s	=>	1
408 s	=>	1
409 s	=>	1
410 s	=>	1
412 s	=>	1
415 s	=>	1
422 s	=>	1
426 s	=>	1
428 s	=>	1
431 s	=>	1
432 s	=>	2
437 s	=>	1
438 s	=>	3
444 s	=>	1
447 s	=>	1
455 s	=>	1
456 s	=>	1
464 s	=>	1
465 s	=>	1
469 s	=>	1
472 s	=>	1
474 s	=>	1
477 s	=>	1
480 s	=>	1
481 s	=>	2
482 s	=>	1
491 s	=>	1
493 s	=>	1
497 s	=>	1
499 s	=>	1
507 s	=>	2
511 s	=>	1
514 s	=>	1
522 s	=>	1
528 s	=>	1
530 s	=>	1
558 s	=>	1
570 s	=>	1
603 s	=>	1
607 s	=>	1
614 s	=>	1
619 s	=>	1
626 s	=>	1
636 s	=>	1
638 s	=>	1
651 s	=>	3
657 s	=>	1
667 s	=>	1
682 s	=>	3
685 s	=>	1
710 s	=>	1
714 s	=>	1
715 s	=>	1
717 s	=>	1
719 s	=>	1
736 s	=>	3
771 s	=>	1
773 s	=>	1
776 s	=>	1
779 s	=>	1
785 s	=>	1
804 s	=>	1
808 s	=>	1
809 s	=>	1
813 s	=>	1
817 s	=>	1
818 s	=>	1
825 s	=>	1
827 s	=>	1
845 s	=>	1
851 s	=>	1
853 s	=>	1
886 s	=>	1
892 s	=>	1
901 s	=>	1
905 s	=>	1
920 s	=>	1
946 s	=>	1
959 s	=>	1
970 s	=>	1
981 s	=>	1
992 s	=>	1
998 s	=>	1
1008 s	=>	1
1048 s	=>	1
1064 s	=>	1
1096 s	=>	1
1126 s	=>	1
1131 s	=>	1
1192 s	=>	1
1219 s	=>	1
1248 s	=>	1
1291 s	=>	1
1330 s	=>	1
1358 s	=>	1
1467 s	=>	1
1528 s	=>	1
1540 s	=>	1
1559 s	=>	1
1571 s	=>	1
1679 s	=>	1
1701 s	=>	1
1811 s	=>	1
1867 s	=>	1
1916 s	=>	1
2281 s	=>	1
2337 s	=>	1
2825 s	=>	1
3267 s	=>	1
3279 s	=>	1
3501 s	=>	1
3596 s	=>	1
4166 s	=>	1
4387 s	=>	1
4864 s	=>	1
g2mgstore5


seconds		requests
========================
0 s	=>	512107
1 s	=>	606357
2 s	=>	368091
3 s	=>	236206
4 s	=>	138211
5 s	=>	89942
6 s	=>	65088
7 s	=>	49182
8 s	=>	38549
9 s	=>	30820
10 s	=>	24991
11 s	=>	20920
12 s	=>	17748
13 s	=>	15107
14 s	=>	12650
15 s	=>	10899
16 s	=>	9582
17 s	=>	8495
18 s	=>	7652
19 s	=>	6624
20 s	=>	5969
21 s	=>	5135
22 s	=>	4478
23 s	=>	3882
24 s	=>	3244
25 s	=>	2744
26 s	=>	2201
27 s	=>	1989
28 s	=>	1562
29 s	=>	1332
30 s	=>	1129
31 s	=>	928
32 s	=>	794
33 s	=>	616
34 s	=>	516
35 s	=>	441
36 s	=>	387
37 s	=>	330
38 s	=>	300
39 s	=>	246
40 s	=>	197
41 s	=>	196
42 s	=>	173
43 s	=>	183
44 s	=>	136
45 s	=>	148
46 s	=>	142
47 s	=>	103
48 s	=>	117
49 s	=>	133
50 s	=>	93
51 s	=>	103
52 s	=>	93
53 s	=>	94
54 s	=>	84
55 s	=>	99
56 s	=>	72
57 s	=>	70
58 s	=>	81
59 s	=>	69
60 s	=>	78
61 s	=>	59
62 s	=>	44
63 s	=>	46
64 s	=>	34
65 s	=>	41
66 s	=>	35
67 s	=>	31
68 s	=>	19
69 s	=>	23
70 s	=>	24
71 s	=>	17
72 s	=>	13
73 s	=>	19
74 s	=>	13
75 s	=>	14
76 s	=>	6
77 s	=>	12
78 s	=>	10
79 s	=>	8
80 s	=>	5
81 s	=>	15
82 s	=>	10
83 s	=>	7
84 s	=>	11
85 s	=>	9
86 s	=>	4
87 s	=>	7
88 s	=>	6
89 s	=>	8
90 s	=>	7
91 s	=>	6
92 s	=>	7
93 s	=>	7
94 s	=>	4
95 s	=>	8
96 s	=>	5
97 s	=>	6
98 s	=>	9
99 s	=>	6
100 s	=>	7
101 s	=>	10
102 s	=>	3
103 s	=>	2
104 s	=>	4
105 s	=>	1
106 s	=>	5
107 s	=>	4
108 s	=>	5
109 s	=>	4
110 s	=>	3
111 s	=>	5
112 s	=>	2
113 s	=>	4
114 s	=>	2
115 s	=>	3
116 s	=>	1
117 s	=>	1
118 s	=>	3
119 s	=>	3
120 s	=>	1
121 s	=>	3
122 s	=>	1
123 s	=>	4
125 s	=>	1
126 s	=>	3
127 s	=>	1
128 s	=>	3
129 s	=>	1
130 s	=>	1
132 s	=>	1
133 s	=>	3
134 s	=>	1
136 s	=>	3
137 s	=>	1
138 s	=>	3
139 s	=>	1
140 s	=>	1
143 s	=>	1
144 s	=>	1
149 s	=>	1
150 s	=>	1
153 s	=>	1
155 s	=>	1
156 s	=>	2
157 s	=>	2
163 s	=>	1
164 s	=>	1
165 s	=>	1
166 s	=>	1
167 s	=>	1
170 s	=>	1
172 s	=>	1
173 s	=>	1
177 s	=>	1
179 s	=>	1
180 s	=>	2
186 s	=>	1
187 s	=>	2
189 s	=>	1
190 s	=>	1
193 s	=>	1
197 s	=>	1
198 s	=>	1
199 s	=>	1
200 s	=>	4
201 s	=>	2
202 s	=>	2
204 s	=>	2
205 s	=>	1
206 s	=>	2
207 s	=>	2
209 s	=>	1
210 s	=>	2
211 s	=>	1
212 s	=>	3
213 s	=>	1
218 s	=>	1
219 s	=>	1
220 s	=>	1
221 s	=>	2
223 s	=>	2
226 s	=>	1
228 s	=>	1
231 s	=>	1
233 s	=>	1
242 s	=>	1
246 s	=>	1
249 s	=>	2
252 s	=>	1
253 s	=>	1
257 s	=>	1
261 s	=>	1
263 s	=>	1
266 s	=>	1
268 s	=>	2
269 s	=>	1
282 s	=>	2
289 s	=>	1
290 s	=>	1
293 s	=>	1
294 s	=>	1
295 s	=>	2
298 s	=>	1
303 s	=>	1
306 s	=>	1
311 s	=>	1
314 s	=>	1
316 s	=>	1
320 s	=>	1
321 s	=>	1
326 s	=>	1
327 s	=>	1
335 s	=>	1
364 s	=>	1
373 s	=>	1
379 s	=>	1
383 s	=>	1
386 s	=>	1
395 s	=>	1
404 s	=>	1
407 s	=>	1
415 s	=>	1
416 s	=>	1
445 s	=>	1
470 s	=>	1
475 s	=>	1
494 s	=>	1
498 s	=>	1
504 s	=>	1
506 s	=>	1
512 s	=>	1
524 s	=>	1
527 s	=>	1
532 s	=>	1
583 s	=>	1
600 s	=>	1
615 s	=>	1
633 s	=>	1
649 s	=>	1
678 s	=>	1
751 s	=>	1
771 s	=>	1
796 s	=>	1
813 s	=>	1
956 s	=>	1
975 s	=>	1
988 s	=>	1
1012 s	=>	1
1220 s	=>	1
1233 s	=>	1
1865 s	=>	1
2005 s	=>	1
2059 s	=>	1
2150 s	=>	1
2231 s	=>	1
2339 s	=>	1
2362 s	=>	1
2392 s	=>	1
2470 s	=>	1
3060 s	=>	1
3186 s	=>	1
3530 s	=>	1
3826 s	=>	1
3937 s	=>	1
3945 s	=>	1
3982 s	=>	1
g2mgstore6


seconds		requests
========================
0 s	=>	568471
1 s	=>	414199
2 s	=>	272783
3 s	=>	184691
4 s	=>	111671
5 s	=>	75261
6 s	=>	55269
7 s	=>	41612
8 s	=>	32485
9 s	=>	26260
10 s	=>	21067
11 s	=>	18097
12 s	=>	15608
13 s	=>	13222
14 s	=>	11612
15 s	=>	10154
16 s	=>	8795
17 s	=>	7623
18 s	=>	6636
19 s	=>	5761
20 s	=>	5179
21 s	=>	4516
22 s	=>	4046
23 s	=>	3622
24 s	=>	3215
25 s	=>	2855
26 s	=>	2622
27 s	=>	2396
28 s	=>	2113
29 s	=>	1926
30 s	=>	1757
31 s	=>	1559
32 s	=>	1372
33 s	=>	1191
34 s	=>	1018
35 s	=>	901
36 s	=>	847
37 s	=>	725
38 s	=>	595
39 s	=>	581
40 s	=>	513
41 s	=>	480
42 s	=>	486
43 s	=>	436
44 s	=>	440
45 s	=>	371
46 s	=>	388
47 s	=>	360
48 s	=>	325
49 s	=>	319
50 s	=>	289
51 s	=>	318
52 s	=>	294
53 s	=>	265
54 s	=>	285
55 s	=>	291
56 s	=>	293
57 s	=>	307
58 s	=>	302
59 s	=>	311
60 s	=>	298
61 s	=>	331
62 s	=>	306
63 s	=>	310
64 s	=>	321
65 s	=>	236
66 s	=>	214
67 s	=>	228
68 s	=>	184
69 s	=>	153
70 s	=>	149
71 s	=>	119
72 s	=>	105
73 s	=>	106
74 s	=>	96
75 s	=>	82
76 s	=>	75
77 s	=>	79
78 s	=>	83
79 s	=>	61
80 s	=>	56
81 s	=>	57
82 s	=>	52
83 s	=>	48
84 s	=>	54
85 s	=>	47
86 s	=>	39
87 s	=>	30
88 s	=>	44
89 s	=>	45
90 s	=>	44
91 s	=>	27
92 s	=>	28
93 s	=>	36
94 s	=>	34
95 s	=>	27
96 s	=>	28
97 s	=>	27
98 s	=>	24
99 s	=>	26
100 s	=>	18
101 s	=>	22
102 s	=>	27
103 s	=>	20
104 s	=>	16
105 s	=>	23
106 s	=>	10
107 s	=>	16
108 s	=>	17
109 s	=>	15
110 s	=>	13
111 s	=>	15
112 s	=>	11
113 s	=>	17
114 s	=>	13
115 s	=>	9
116 s	=>	7
117 s	=>	2
118 s	=>	8
119 s	=>	4
120 s	=>	7
121 s	=>	8
122 s	=>	4
123 s	=>	4
124 s	=>	6
125 s	=>	5
126 s	=>	7
127 s	=>	6
128 s	=>	4
129 s	=>	5
130 s	=>	7
131 s	=>	3
132 s	=>	9
133 s	=>	3
135 s	=>	4
136 s	=>	2
137 s	=>	6
138 s	=>	2
139 s	=>	6
140 s	=>	2
141 s	=>	2
142 s	=>	4
145 s	=>	1
146 s	=>	3
147 s	=>	5
149 s	=>	1
150 s	=>	1
151 s	=>	1
152 s	=>	3
153 s	=>	3
154 s	=>	2
156 s	=>	3
157 s	=>	1
158 s	=>	1
159 s	=>	5
161 s	=>	1
163 s	=>	1
164 s	=>	1
165 s	=>	1
166 s	=>	3
167 s	=>	1
170 s	=>	2
172 s	=>	2
175 s	=>	2
178 s	=>	2
179 s	=>	3
182 s	=>	2
183 s	=>	1
185 s	=>	1
186 s	=>	2
187 s	=>	2
188 s	=>	1
189 s	=>	2
190 s	=>	2
191 s	=>	3
192 s	=>	4
193 s	=>	2
194 s	=>	3
195 s	=>	1
196 s	=>	1
197 s	=>	5
198 s	=>	2
200 s	=>	4
201 s	=>	1
202 s	=>	1
203 s	=>	2
204 s	=>	2
205 s	=>	3
207 s	=>	1
208 s	=>	1
209 s	=>	3
210 s	=>	2
211 s	=>	2
212 s	=>	1
213 s	=>	1
215 s	=>	2
216 s	=>	1
217 s	=>	1
218 s	=>	4
219 s	=>	1
221 s	=>	1
223 s	=>	3
224 s	=>	1
225 s	=>	1
226 s	=>	1
228 s	=>	1
229 s	=>	1
232 s	=>	1
236 s	=>	1
237 s	=>	1
240 s	=>	1
244 s	=>	1
246 s	=>	1
248 s	=>	2
250 s	=>	1
253 s	=>	1
254 s	=>	2
255 s	=>	1
256 s	=>	1
257 s	=>	3
258 s	=>	1
260 s	=>	1
261 s	=>	1
265 s	=>	1
266 s	=>	1
272 s	=>	1
273 s	=>	3
274 s	=>	1
276 s	=>	1
277 s	=>	1
283 s	=>	1
285 s	=>	1
287 s	=>	1
288 s	=>	1
289 s	=>	1
290 s	=>	1
292 s	=>	1
301 s	=>	1
307 s	=>	1
316 s	=>	1
323 s	=>	1
333 s	=>	1
335 s	=>	1
336 s	=>	1
338 s	=>	1
350 s	=>	1
351 s	=>	1
358 s	=>	2
359 s	=>	1
362 s	=>	1
364 s	=>	1
369 s	=>	1
372 s	=>	1
373 s	=>	1
374 s	=>	1
382 s	=>	1
397 s	=>	1
399 s	=>	1
403 s	=>	2
406 s	=>	1
410 s	=>	1
417 s	=>	1
423 s	=>	1
428 s	=>	2
442 s	=>	2
473 s	=>	1
482 s	=>	1
487 s	=>	1
492 s	=>	1
501 s	=>	1
506 s	=>	1
509 s	=>	2
517 s	=>	1
518 s	=>	1
523 s	=>	1
524 s	=>	1
527 s	=>	1
531 s	=>	1
555 s	=>	2
557 s	=>	1
574 s	=>	1
575 s	=>	1
580 s	=>	1
585 s	=>	1
592 s	=>	1
614 s	=>	1
631 s	=>	1
634 s	=>	1
640 s	=>	1
642 s	=>	1
656 s	=>	1
681 s	=>	1
690 s	=>	1
692 s	=>	1
698 s	=>	1
757 s	=>	1
763 s	=>	1
828 s	=>	1
847 s	=>	1
878 s	=>	1
909 s	=>	1
930 s	=>	1
951 s	=>	1
959 s	=>	1
961 s	=>	1
982 s	=>	1
999 s	=>	1
1003 s	=>	1
1004 s	=>	1
1023 s	=>	1
1045 s	=>	1
1129 s	=>	1
1191 s	=>	1
1198 s	=>	1
1208 s	=>	1
1214 s	=>	1
1217 s	=>	1
1239 s	=>	1
1378 s	=>	1
1392 s	=>	1
1400 s	=>	1
1502 s	=>	1
1509 s	=>	1
1563 s	=>	1
1599 s	=>	1
1609 s	=>	1
1636 s	=>	1
1719 s	=>	1
1898 s	=>	1
2029 s	=>	1
2206 s	=>	1
2247 s	=>	1
2311 s	=>	1
2562 s	=>	1
2718 s	=>	1
3307 s	=>	1
3348 s	=>	1
3594 s	=>	1
3795 s	=>	1
3822 s	=>	1
3874 s	=>	1
3988 s	=>	1
3998 s	=>	1
4069 s	=>	1
4071 s	=>	1
5328 s	=>	1
5352 s	=>	1
5763 s	=>	1
5771 s	=>	1
5945 s	=>	1
g2mgstore7


seconds		requests
========================
0 s	=>	506369
1 s	=>	596172
2 s	=>	377254
3 s	=>	234387
4 s	=>	133628
5 s	=>	82760
6 s	=>	58362
7 s	=>	42222
8 s	=>	31996
9 s	=>	25203
10 s	=>	20478
11 s	=>	17150
12 s	=>	15189
13 s	=>	13695
14 s	=>	12143
15 s	=>	10955
16 s	=>	9407
17 s	=>	8357
18 s	=>	7276
19 s	=>	6093
20 s	=>	5314
21 s	=>	4448
22 s	=>	3877
23 s	=>	3238
24 s	=>	2765
25 s	=>	2395
26 s	=>	2085
27 s	=>	1696
28 s	=>	1550
29 s	=>	1270
30 s	=>	1080
31 s	=>	951
32 s	=>	788
33 s	=>	724
34 s	=>	554
35 s	=>	527
36 s	=>	433
37 s	=>	378
38 s	=>	326
39 s	=>	284
40 s	=>	277
41 s	=>	231
42 s	=>	216
43 s	=>	192
44 s	=>	157
45 s	=>	135
46 s	=>	136
47 s	=>	129
48 s	=>	125
49 s	=>	123
50 s	=>	116
51 s	=>	118
52 s	=>	101
53 s	=>	94
54 s	=>	72
55 s	=>	85
56 s	=>	89
57 s	=>	80
58 s	=>	62
59 s	=>	63
60 s	=>	69
61 s	=>	67
62 s	=>	76
63 s	=>	58
64 s	=>	61
65 s	=>	38
66 s	=>	33
67 s	=>	42
68 s	=>	34
69 s	=>	30
70 s	=>	30
71 s	=>	22
72 s	=>	25
73 s	=>	23
74 s	=>	26
75 s	=>	22
76 s	=>	24
77 s	=>	15
78 s	=>	14
79 s	=>	17
80 s	=>	19
81 s	=>	11
82 s	=>	15
83 s	=>	12
84 s	=>	13
85 s	=>	18
86 s	=>	11
87 s	=>	6
88 s	=>	6
89 s	=>	14
90 s	=>	17
91 s	=>	12
92 s	=>	2
93 s	=>	9
94 s	=>	10
95 s	=>	13
96 s	=>	9
97 s	=>	9
98 s	=>	13
99 s	=>	11
100 s	=>	8
101 s	=>	14
102 s	=>	12
103 s	=>	10
104 s	=>	6
105 s	=>	4
106 s	=>	4
107 s	=>	7
108 s	=>	6
109 s	=>	6
110 s	=>	3
111 s	=>	5
112 s	=>	4
113 s	=>	3
114 s	=>	2
115 s	=>	3
116 s	=>	4
118 s	=>	1
119 s	=>	6
120 s	=>	1
121 s	=>	4
122 s	=>	1
123 s	=>	4
124 s	=>	5
125 s	=>	2
126 s	=>	2
127 s	=>	2
128 s	=>	2
129 s	=>	8
130 s	=>	2
131 s	=>	3
133 s	=>	3
135 s	=>	1
136 s	=>	1
137 s	=>	6
138 s	=>	1
140 s	=>	2
142 s	=>	3
143 s	=>	1
145 s	=>	1
146 s	=>	2
148 s	=>	3
149 s	=>	1
150 s	=>	3
152 s	=>	1
153 s	=>	1
154 s	=>	2
155 s	=>	1
156 s	=>	1
160 s	=>	1
162 s	=>	1
165 s	=>	2
166 s	=>	1
167 s	=>	1
168 s	=>	1
171 s	=>	4
173 s	=>	2
174 s	=>	1
176 s	=>	1
178 s	=>	1
180 s	=>	2
187 s	=>	1
188 s	=>	2
190 s	=>	2
191 s	=>	3
193 s	=>	4
194 s	=>	2
195 s	=>	3
196 s	=>	2
199 s	=>	1
200 s	=>	1
201 s	=>	1
203 s	=>	4
205 s	=>	1
206 s	=>	1
207 s	=>	1
208 s	=>	1
209 s	=>	1
211 s	=>	2
212 s	=>	1
213 s	=>	2
215 s	=>	1
216 s	=>	1
218 s	=>	2
221 s	=>	1
223 s	=>	1
224 s	=>	1
226 s	=>	1
227 s	=>	2
228 s	=>	1
234 s	=>	2
235 s	=>	1
236 s	=>	1
237 s	=>	1
238 s	=>	1
241 s	=>	1
242 s	=>	1
243 s	=>	2
247 s	=>	2
249 s	=>	1
254 s	=>	1
255 s	=>	1
259 s	=>	1
261 s	=>	1
263 s	=>	1
264 s	=>	1
265 s	=>	1
266 s	=>	1
271 s	=>	1
272 s	=>	1
276 s	=>	1
277 s	=>	1
287 s	=>	1
290 s	=>	2
293 s	=>	1
294 s	=>	1
295 s	=>	2
297 s	=>	1
299 s	=>	1
303 s	=>	1
305 s	=>	1
307 s	=>	1
312 s	=>	1
313 s	=>	1
316 s	=>	1
323 s	=>	2
325 s	=>	1
326 s	=>	3
328 s	=>	1
336 s	=>	2
352 s	=>	1
354 s	=>	1
363 s	=>	1
371 s	=>	1
374 s	=>	1
382 s	=>	1
387 s	=>	1
391 s	=>	1
422 s	=>	1
423 s	=>	1
429 s	=>	1
431 s	=>	1
435 s	=>	1
443 s	=>	1
467 s	=>	1
489 s	=>	1
505 s	=>	1
510 s	=>	1
529 s	=>	1
555 s	=>	1
556 s	=>	1
592 s	=>	1
610 s	=>	1
623 s	=>	1
626 s	=>	1
642 s	=>	1
682 s	=>	2
777 s	=>	1
822 s	=>	1
838 s	=>	1
853 s	=>	1
869 s	=>	1
874 s	=>	1
938 s	=>	1
1021 s	=>	1
1534 s	=>	1
1740 s	=>	1
1769 s	=>	1
2022 s	=>	1
2038 s	=>	1
2128 s	=>	1
2336 s	=>	1
2380 s	=>	1
2480 s	=>	1
2750 s	=>	1
3431 s	=>	1
4135 s	=>	1
4230 s	=>	1
4467 s	=>	1
g2mgstore8


seconds		requests
========================
0 s	=>	425337
1 s	=>	571027
2 s	=>	385583
3 s	=>	244872
4 s	=>	133208
5 s	=>	79372
6 s	=>	54477
7 s	=>	39039
8 s	=>	29083
9 s	=>	21524
10 s	=>	16660
11 s	=>	13268
12 s	=>	10708
13 s	=>	8698
14 s	=>	7515
15 s	=>	6543
16 s	=>	5918
17 s	=>	5191
18 s	=>	4701
19 s	=>	4241
20 s	=>	3679
21 s	=>	3231
22 s	=>	3006
23 s	=>	2694
24 s	=>	2383
25 s	=>	2161
26 s	=>	1823
27 s	=>	1621
28 s	=>	1485
29 s	=>	1314
30 s	=>	1198
31 s	=>	1093
32 s	=>	1022
33 s	=>	937
34 s	=>	905
35 s	=>	856
36 s	=>	794
37 s	=>	724
38 s	=>	680
39 s	=>	620
40 s	=>	594
41 s	=>	516
42 s	=>	524
43 s	=>	416
44 s	=>	383
45 s	=>	385
46 s	=>	327
47 s	=>	285
48 s	=>	274
49 s	=>	238
50 s	=>	234
51 s	=>	193
52 s	=>	206
53 s	=>	178
54 s	=>	176
55 s	=>	188
56 s	=>	184
57 s	=>	143
58 s	=>	144
59 s	=>	171
60 s	=>	150
61 s	=>	146
62 s	=>	158
63 s	=>	146
64 s	=>	126
65 s	=>	125
66 s	=>	128
67 s	=>	111
68 s	=>	119
69 s	=>	110
70 s	=>	95
71 s	=>	87
72 s	=>	66
73 s	=>	72
74 s	=>	68
75 s	=>	43
76 s	=>	51
77 s	=>	49
78 s	=>	45
79 s	=>	38
80 s	=>	39
81 s	=>	31
82 s	=>	23
83 s	=>	26
84 s	=>	26
85 s	=>	24
86 s	=>	20
87 s	=>	16
88 s	=>	20
89 s	=>	19
90 s	=>	12
91 s	=>	12
92 s	=>	17
93 s	=>	15
94 s	=>	14
95 s	=>	11
96 s	=>	11
97 s	=>	19
98 s	=>	15
99 s	=>	15
100 s	=>	20
101 s	=>	4
102 s	=>	9
103 s	=>	12
104 s	=>	11
105 s	=>	7
106 s	=>	15
107 s	=>	9
108 s	=>	4
109 s	=>	8
110 s	=>	9
111 s	=>	9
112 s	=>	8
113 s	=>	7
114 s	=>	10
115 s	=>	6
116 s	=>	6
117 s	=>	7
118 s	=>	7
119 s	=>	8
120 s	=>	4
121 s	=>	7
122 s	=>	7
123 s	=>	1
124 s	=>	2
125 s	=>	2
126 s	=>	5
127 s	=>	2
128 s	=>	7
129 s	=>	2
130 s	=>	5
131 s	=>	3
132 s	=>	1
133 s	=>	4
134 s	=>	6
135 s	=>	3
136 s	=>	2
137 s	=>	3
138 s	=>	6
139 s	=>	4
140 s	=>	4
141 s	=>	2
142 s	=>	3
144 s	=>	3
145 s	=>	2
146 s	=>	1
147 s	=>	3
148 s	=>	1
151 s	=>	3
152 s	=>	4
153 s	=>	2
156 s	=>	3
157 s	=>	4
158 s	=>	3
159 s	=>	1
160 s	=>	2
161 s	=>	1
162 s	=>	1
163 s	=>	2
164 s	=>	1
165 s	=>	4
166 s	=>	1
167 s	=>	1
168 s	=>	1
169 s	=>	1
170 s	=>	1
171 s	=>	4
173 s	=>	2
174 s	=>	2
175 s	=>	3
177 s	=>	1
178 s	=>	1
180 s	=>	1
183 s	=>	1
186 s	=>	2
187 s	=>	1
188 s	=>	1
191 s	=>	1
192 s	=>	3
193 s	=>	1
194 s	=>	1
196 s	=>	2
197 s	=>	1
198 s	=>	1
199 s	=>	5
200 s	=>	2
202 s	=>	2
203 s	=>	1
205 s	=>	1
207 s	=>	1
209 s	=>	1
210 s	=>	1
211 s	=>	3
212 s	=>	1
214 s	=>	3
216 s	=>	3
217 s	=>	1
219 s	=>	1
222 s	=>	1
223 s	=>	1
225 s	=>	3
231 s	=>	1
232 s	=>	3
233 s	=>	1
237 s	=>	1
238 s	=>	1
239 s	=>	1
240 s	=>	1
241 s	=>	1
242 s	=>	1
245 s	=>	2
246 s	=>	1
248 s	=>	1
252 s	=>	1
253 s	=>	1
256 s	=>	1
258 s	=>	1
265 s	=>	1
274 s	=>	1
276 s	=>	2
282 s	=>	1
284 s	=>	1
285 s	=>	1
287 s	=>	1
289 s	=>	1
290 s	=>	1
293 s	=>	1
299 s	=>	1
300 s	=>	1
307 s	=>	1
312 s	=>	1
317 s	=>	1
324 s	=>	1
329 s	=>	1
331 s	=>	1
336 s	=>	1
339 s	=>	1
359 s	=>	1
362 s	=>	1
365 s	=>	1
372 s	=>	1
376 s	=>	1
377 s	=>	1
378 s	=>	1
383 s	=>	1
396 s	=>	1
400 s	=>	1
408 s	=>	2
412 s	=>	1
431 s	=>	1
434 s	=>	1
441 s	=>	1
446 s	=>	1
492 s	=>	1
498 s	=>	1
509 s	=>	1
511 s	=>	1
513 s	=>	1
577 s	=>	1
589 s	=>	1
611 s	=>	1
628 s	=>	1
635 s	=>	1
656 s	=>	1
667 s	=>	1
695 s	=>	1
739 s	=>	1
742 s	=>	1
745 s	=>	1
758 s	=>	1
764 s	=>	1
805 s	=>	1
865 s	=>	1
893 s	=>	1
918 s	=>	1
997 s	=>	1
1214 s	=>	1
1777 s	=>	1
2102 s	=>	1
2310 s	=>	1
2348 s	=>	1
2352 s	=>	1
2440 s	=>	1
2560 s	=>	1
3015 s	=>	1
3061 s	=>	1
3187 s	=>	1
4458 s	=>	1
g2mgstore9


seconds		requests
========================
